<?xml version="1.0" encoding="UTF-8"?>
<testsuite name="task.manager.taskmanager.TaskManagerTest" tests="1" skipped="0" failures="0" errors="0" timestamp="2024-04-04T07:34:58" hostname="OliviaMiuki-2.local" time="0.025">
  <properties/>
  <testcase name="testGenerateRandomNumericId()" classname="task.manager.taskmanager.TaskManagerTest" time="0.025"/>
  <system-out><![CDATA[]]></system-out>
  <system-err><![CDATA[]]></system-err>
</testsuite>
