<?xml version="1.0" encoding="UTF-8"?>
<testsuite name="task.manager.taskmanager.PriorityCommandTest" tests="3" skipped="0" failures="0" errors="0" timestamp="2024-04-04T07:34:59" hostname="OliviaMiuki-2.local" time="0.005">
  <properties/>
  <testcase name="testExecuteWithInvalidPriority()" classname="task.manager.taskmanager.PriorityCommandTest" time="0.002"/>
  <testcase name="testExecuteWithAlphabeticPriority()" classname="task.manager.taskmanager.PriorityCommandTest" time="0.001"/>
  <testcase name="testExecuteWithNumericPriority()" classname="task.manager.taskmanager.PriorityCommandTest" time="0.0"/>
  <system-out><![CDATA[]]></system-out>
  <system-err><![CDATA[]]></system-err>
</testsuite>
