<?xml version="1.0" encoding="UTF-8"?>
<testsuite name="task.manager.taskmanager.ProgramTest" tests="15" skipped="0" failures="0" errors="0" timestamp="2024-04-04T07:34:59" hostname="OliviaMiuki-2.local" time="0.021">
  <properties/>
  <testcase name="testMultipleCommand()" classname="task.manager.taskmanager.ProgramTest" time="0.001"/>
  <testcase name="testRun()" classname="task.manager.taskmanager.ProgramTest" time="0.003"/>
  <testcase name="testDetectCommandWithCompletedCommand()" classname="task.manager.taskmanager.ProgramTest" time="0.0"/>
  <testcase name="testCorrectFormatWithIncorrectCommand()" classname="task.manager.taskmanager.ProgramTest" time="0.0"/>
  <testcase name="testHelp()" classname="task.manager.taskmanager.ProgramTest" time="0.001"/>
  <testcase name="testDisplayWithInvalidCommand()" classname="task.manager.taskmanager.ProgramTest" time="0.0"/>
  <testcase name="testHelpWithInvalidCommand()" classname="task.manager.taskmanager.ProgramTest" time="0.001"/>
  <testcase name="testDetectCommandWithDisplayCommand()" classname="task.manager.taskmanager.ProgramTest" time="0.001"/>
  <testcase name="testDetectCommandWithHelpCommand()" classname="task.manager.taskmanager.ProgramTest" time="0.001"/>
  <testcase name="testDetectCommandWithAddTaskCommand()" classname="task.manager.taskmanager.ProgramTest" time="0.001"/>
  <testcase name="testCorrectFormatWithCorrectCommand()" classname="task.manager.taskmanager.ProgramTest" time="0.0"/>
  <testcase name="testDisplay()" classname="task.manager.taskmanager.ProgramTest" time="0.0"/>
  <testcase name="testHelpWithCommand()" classname="task.manager.taskmanager.ProgramTest" time="0.001"/>
  <testcase name="testDetectCommandWithInvalidCommand()" classname="task.manager.taskmanager.ProgramTest" time="0.001"/>
  <testcase name="testRunWithExitCommand()" classname="task.manager.taskmanager.ProgramTest" time="0.001"/>
  <system-out><![CDATA[]]></system-out>
  <system-err><![CDATA[]]></system-err>
</testsuite>
